<?xml version="1.0" encoding="UTF-8"?>
<testsuite xmlns:xsi="http://www.w3.org/2001/XMLSchema-instance" xsi:noNamespaceSchemaLocation="https://maven.apache.org/surefire/maven-surefire-plugin/xsd/surefire-test-report.xsd" version="3.0.2" name="br.ifsp.tasks_api.TasksApiApplicationTests" time="6.349" tests="1" errors="0" skipped="0" failures="0">
  <properties>
[...]
</properties>
  <testcase name="contextLoads" classname="br.ifsp.tasks_api.TasksApiApplicationTests" time="0.009">
    <system-out><![CDATA[2025-04-19T19:57:22.608-03:00  INFO 10332 --- [tasks-api] [           main] t.c.s.AnnotationConfigContextLoaderUtils : Could not detect default configuration classes for test class [br.ifsp.tasks_api.TasksApiApplicationTests]: TasksApiApplicationTests does not declare any static, non-private, non-final, nested classes annotated with @Configuration.
2025-04-19T19:57:22.615-03:00  INFO 10332 --- [tasks-api] [           main] .b.t.c.SpringBootTestContextBootstrapper : Found @SpringBootConfiguration br.ifsp.tasks_api.TasksApiApplication for test class br.ifsp.tasks_api.TasksApiApplicationTests
2025-04-19T19:57:22.632-03:00  INFO 10332 --- [tasks-api] [           main] o.s.b.d.r.RestartApplicationListener     : Restart disabled due to context in which it is running

  .   ____          _            __ _ _
 /\\ / ___'_ __ _ _(_)_ __  __ _ \ \ \ \
( ( )\___ | '_ | '_| | '_ \/ _` | \ \ \ \
 \\/  ___)| |_)| | | | | || (_| |  ) ) ) )
  '  |____| .__|_| |_|_| |_\__, | / / / /
 =========|_|==============|___/=/_/_/_/

 :: Spring Boot ::                (v3.4.4)

2025-04-19T19:57:22.752-03:00  INFO 10332 --- [tasks-api] [           main] b.i.tasks_api.TasksApiApplicationTests   : Starting TasksApiApplicationTests using Java 21.0.4 with PID 10332 (started by karin in C:\Users\karin\Downloads\aula6\tasks-api)
2025-04-19T19:57:22.752-03:00  INFO 10332 --- [tasks-api] [           main] b.i.tasks_api.TasksApiApplicationTests   : No active profile set, falling back to 1 default profile: "default"
2025-04-19T19:57:23.682-03:00  INFO 10332 --- [tasks-api] [           main] .s.d.r.c.RepositoryConfigurationDelegate : Bootstrapping Spring Data JPA repositories in DEFAULT mode.
2025-04-19T19:57:23.838-03:00  INFO 10332 --- [tasks-api] [           main] .s.d.r.c.RepositoryConfigurationDelegate : Finished Spring Data repository scanning in 120 ms. Found 1 JPA repository interface.
2025-04-19T19:57:24.613-03:00  INFO 10332 --- [tasks-api] [           main] o.hibernate.jpa.internal.util.LogHelper  : HHH000204: Processing PersistenceUnitInfo [name: default]
2025-04-19T19:57:24.768-03:00  INFO 10332 --- [tasks-api] [           main] org.hibernate.Version                    : HHH000412: Hibernate ORM core version 6.6.11.Final
2025-04-19T19:57:24.877-03:00  INFO 10332 --- [tasks-api] [           main] o.h.c.internal.RegionFactoryInitiator    : HHH000026: Second-level cache disabled
2025-04-19T19:57:25.254-03:00  INFO 10332 --- [tasks-api] [           main] o.s.o.j.p.SpringPersistenceUnitInfo      : No LoadTimeWeaver setup: ignoring JPA class transformer
2025-04-19T19:57:25.355-03:00  INFO 10332 --- [tasks-api] [           main] com.zaxxer.hikari.HikariDataSource       : HikariPool-1 - Starting...
2025-04-19T19:57:25.793-03:00  INFO 10332 --- [tasks-api] [           main] com.zaxxer.hikari.pool.HikariPool        : HikariPool-1 - Added connection com.mysql.cj.jdbc.ConnectionImpl@12051d38
2025-04-19T19:57:25.798-03:00  INFO 10332 --- [tasks-api] [           main] com.zaxxer.hikari.HikariDataSource       : HikariPool-1 - Start completed.
2025-04-19T19:57:25.922-03:00  WARN 10332 --- [tasks-api] [           main] org.hibernate.orm.deprecation            : HHH90000025: MySQL8Dialect does not need to be specified explicitly using 'hibernate.dialect' (remove the property setting and it will be selected by default)
2025-04-19T19:57:25.925-03:00  WARN 10332 --- [tasks-api] [           main] org.hibernate.orm.deprecation            : HHH90000026: MySQL8Dialect has been deprecated; use org.hibernate.dialect.MySQLDialect instead
2025-04-19T19:57:25.972-03:00  INFO 10332 --- [tasks-api] [           main] org.hibernate.orm.connections.pooling    : HHH10001005: Database info:
	Database JDBC URL [Connecting through datasource 'HikariDataSource (HikariPool-1)']
	Database driver: undefined/unknown
	Database version: 8.0
	Autocommit mode: undefined/unknown
	Isolation level: undefined/unknown
	Minimum pool size: undefined/unknown
	Maximum pool size: undefined/unknown
2025-04-19T19:57:27.496-03:00  INFO 10332 --- [tasks-api] [           main] o.h.e.t.j.p.i.JtaPlatformInitiator       : HHH000489: No JTA platform available (set 'hibernate.transaction.jta.platform' to enable JTA platform integration)
2025-04-19T19:57:27.595-03:00  INFO 10332 --- [tasks-api] [           main] j.LocalContainerEntityManagerFactoryBean : Initialized JPA EntityManagerFactory for persistence unit 'default'
2025-04-19T19:57:28.599-03:00  WARN 10332 --- [tasks-api] [           main] JpaBaseConfiguration$JpaWebConfiguration : spring.jpa.open-in-view is enabled by default. Therefore, database queries may be performed during view rendering. Explicitly configure spring.jpa.open-in-view to disable this warning
2025-04-19T19:57:28.939-03:00  INFO 10332 --- [tasks-api] [           main] b.i.tasks_api.TasksApiApplicationTests   : Started TasksApiApplicationTests in 6.307 seconds (process running for 17.088)
]]></system-out>
  </testcase>
</testsuite>