<?xml version="1.0" encoding="UTF-8"?>
<testsuite xmlns:xsi="http://www.w3.org/2001/XMLSchema-instance" xsi:noNamespaceSchemaLocation="https://maven.apache.org/surefire/maven-surefire-plugin/xsd/surefire-test-report.xsd" version="3.0.2" name="br.ifsp.tasks_api.TaskControllerTests" time="9.064" tests="6" errors="0" skipped="0" failures="0">
  <properties>
[...]
</properties>
  <testcase name="deveListarTarefasComPaginacao" classname="br.ifsp.tasks_api.TaskControllerTests" time="0.636">
    <system-out><![CDATA[19:57:13.959 [main] INFO org.springframework.test.context.support.AnnotationConfigContextLoaderUtils -- Could not detect default configuration classes for test class [br.ifsp.tasks_api.TaskControllerTests]: TaskControllerTests does not declare any static, non-private, non-final, nested classes annotated with @Configuration.
19:57:14.332 [main] INFO org.springframework.boot.test.context.SpringBootTestContextBootstrapper -- Found @SpringBootConfiguration br.ifsp.tasks_api.TasksApiApplication for test class br.ifsp.tasks_api.TaskControllerTests
19:57:14.642 [main] INFO org.springframework.boot.devtools.restart.RestartApplicationListener -- Restart disabled due to context in which it is running

  .   ____          _            __ _ _
 /\\ / ___'_ __ _ _(_)_ __  __ _ \ \ \ \
( ( )\___ | '_ | '_| | '_ \/ _` | \ \ \ \
 \\/  ___)| |_)| | | | | || (_| |  ) ) ) )
  '  |____| .__|_| |_|_| |_\__, | / / / /
 =========|_|==============|___/=/_/_/_/

 :: Spring Boot ::                (v3.4.4)

2025-04-19T19:57:15.637-03:00  INFO 10332 --- [tasks-api] [           main] br.ifsp.tasks_api.TaskControllerTests    : Starting TaskControllerTests using Java 21.0.4 with PID 10332 (started by karin in C:\Users\karin\Downloads\aula6\tasks-api)
2025-04-19T19:57:15.640-03:00  INFO 10332 --- [tasks-api] [           main] br.ifsp.tasks_api.TaskControllerTests    : No active profile set, falling back to 1 default profile: "default"
2025-04-19T19:57:21.251-03:00  INFO 10332 --- [tasks-api] [           main] o.s.b.t.m.w.SpringBootMockServletContext : Initializing Spring TestDispatcherServlet ''
2025-04-19T19:57:21.252-03:00  INFO 10332 --- [tasks-api] [           main] o.s.t.web.servlet.TestDispatcherServlet  : Initializing Servlet ''
2025-04-19T19:57:21.259-03:00  INFO 10332 --- [tasks-api] [           main] o.s.t.web.servlet.TestDispatcherServlet  : Completed initialization in 3 ms
2025-04-19T19:57:21.329-03:00  INFO 10332 --- [tasks-api] [           main] br.ifsp.tasks_api.TaskControllerTests    : Started TaskControllerTests in 6.727 seconds (process running for 9.478)
2025-04-19T19:57:21.904-03:00  WARN 10332 --- [tasks-api] [           main] ration$PageModule$WarningLoggingModifier : Serializing PageImpl instances as-is is not supported, meaning that there is no guarantee about the stability of the resulting JSON structure!
	For a stable JSON structure, please use Spring Data's PagedModel (globally via @EnableSpringDataWebSupport(pageSerializationMode = VIA_DTO))
	or Spring HATEOAS and Spring Data's PagedResourcesAssembler as documented in https://docs.spring.io/spring-data/commons/reference/repositories/core-extensions.html#core.web.pageables.

]]></system-out>
    <system-err><![CDATA[Mockito is currently self-attaching to enable the inline-mock-maker. This will no longer work in future releases of the JDK. Please add Mockito as an agent to your build what is described in Mockito's documentation: https://javadoc.io/doc/org.mockito/mockito-core/latest/org/mockito/Mockito.html#0.3
WARNING: A Java agent has been loaded dynamically (C:\Users\karin\.m2\repository\net\bytebuddy\byte-buddy-agent\1.15.11\byte-buddy-agent-1.15.11.jar)
WARNING: If a serviceability tool is in use, please run with -XX:+EnableDynamicAgentLoading to hide this warning
WARNING: If a serviceability tool is not in use, please run with -Djdk.instrument.traceUsage for more information
WARNING: Dynamic loading of agents will be disallowed by default in a future release
]]></system-err>
  </testcase>
  <testcase name="deveBuscarTarefasPorCategoria" classname="br.ifsp.tasks_api.TaskControllerTests" time="0.055"/>
  <testcase name="deveCriarTarefaComDadosValidos" classname="br.ifsp.tasks_api.TaskControllerTests" time="0.303"/>
  <testcase name="deveBuscarTarefaPorId" classname="br.ifsp.tasks_api.TaskControllerTests" time="0.165"/>
  <testcase name="deveRetornarErroAoExcluirTarefaConcluida" classname="br.ifsp.tasks_api.TaskControllerTests" time="0.027"/>
  <testcase name="deveRetornarErroAoCriarTarefaComDataLimiteInvalida" classname="br.ifsp.tasks_api.TaskControllerTests" time="0.033"/>
</testsuite>